<?xml version="1.0" encoding="UTF-8"?>
<testng-results skipped="0" failed="0" total="1" passed="1">
  <reporter-output>
  </reporter-output>
  <suite name="Command line suite" duration-ms="29" started-at="2016-09-21T21:40:44Z" finished-at="2016-09-21T21:40:44Z">
    <groups>
    </groups>
    <test name="Command line test" duration-ms="29" started-at="2016-09-21T21:40:44Z" finished-at="2016-09-21T21:40:44Z">
      <class name="com.test.mavenTest.AppTest">
        <test-method status="PASS" signature="testApp()[pri:0, instance:testApp(com.test.mavenTest.AppTest)]" name="testApp" duration-ms="1" started-at="2016-09-22T03:10:44Z" finished-at="2016-09-22T03:10:44Z">
          <reporter-output>
          </reporter-output>
        </test-method> <!-- testApp -->
      </class> <!-- com.test.mavenTest.AppTest -->
    </test> <!-- Command line test -->
  </suite> <!-- Command line suite -->
</testng-results>
